2025-12-29T17:41:19+0800 INFO Run started
2025-12-29T17:41:19+0800 INFO Processing seed https://www.seek.com.au/fifo-jobs/in-All-Perth-WA
DEBUG: After mkdir -p, SRC_DIR=var/src, ROOT=/home/galloa/GitHub/work/elvis, full path=/home/galloa/GitHub/work/elvis/var/src
drwxr-xr-x 1 FLITECH+galloa FLITECH+galloa 0 Dec 29 17:39 /home/galloa/GitHub/work/elvis/var/src
DEBUG: Final safe filename (md5): 9fabb41bd94288be6b091180cd72eb69
DEBUG: Output path: var/src/9fabb41bd94288be6b091180cd72eb69.html
INFO: Saving HTML to var/src/9fabb41bd94288be6b091180cd72eb69.html (temporary var/src/9fabb41bd94288be6b091180cd72eb69.html.part)
DEBUG: curl -o var/src/9fabb41bd94288be6b091180cd72eb69.html.part https://www.seek.com.au/fifo-jobs/in-All-Perth-WA
2025-12-29T17:41:26+0800	https://www.seek.com.au/fifo-jobs/in-All-Perth-WA	1	200	567849
2025-12-29T17:41:28+0800 INFO Next page discovered for https://www.seek.com.au/fifo-jobs/in-All-Perth-WA -> https://www.seek.com.au
DEBUG: After mkdir -p, SRC_DIR=var/src, ROOT=/home/galloa/GitHub/work/elvis, full path=/home/galloa/GitHub/work/elvis/var/src
drwxr-xr-x 1 FLITECH+galloa FLITECH+galloa 0 Dec 29 17:41 /home/galloa/GitHub/work/elvis/var/src
DEBUG: Final safe filename (md5): 80f36b2204e2f11316ab7a0048a1738f
DEBUG: Output path: var/src/80f36b2204e2f11316ab7a0048a1738f.html
INFO: Saving HTML to var/src/80f36b2204e2f11316ab7a0048a1738f.html (temporary var/src/80f36b2204e2f11316ab7a0048a1738f.html.part)
DEBUG: curl -o var/src/80f36b2204e2f11316ab7a0048a1738f.html.part https://www.seek.com.au
2025-12-29T17:41:36+0800	https://www.seek.com.au	1	200	287163
2025-12-29T17:41:38+0800 WARN Next page equals current (https://www.seek.com.au); stopping to avoid loop
2025-12-29T17:41:38+0800 INFO data_input.sh succeeded for https://www.seek.com.au/fifo-jobs/in-All-Perth-WA
2025-12-29T17:41:38+0800 INFO Sleeping 1.509s between seeds
2025-12-29T17:41:42+0800 Default handler: --note
2025-12-29T17:41:43+0800 INFO calllist validation passed for home/calllist.txt
2025-12-29T17:41:44+0800 INFO Run completed; rows_aggregated=20
2025-12-29T17:42:04+0800 INFO Run started
2025-12-29T17:42:04+0800 INFO Processing seed https://www.seek.com.au/fifo-jobs/in-All-Perth-WA
DEBUG: After mkdir -p, SRC_DIR=var/src, ROOT=/home/galloa/GitHub/work/elvis, full path=/home/galloa/GitHub/work/elvis/var/src
drwxr-xr-x 1 FLITECH+galloa FLITECH+galloa 0 Dec 29 17:42 /home/galloa/GitHub/work/elvis/var/src
DEBUG: Final safe filename (md5): 9fabb41bd94288be6b091180cd72eb69
DEBUG: Output path: var/src/9fabb41bd94288be6b091180cd72eb69.html
INFO: Saving HTML to var/src/9fabb41bd94288be6b091180cd72eb69.html (temporary var/src/9fabb41bd94288be6b091180cd72eb69.html.part)
DEBUG: curl -o var/src/9fabb41bd94288be6b091180cd72eb69.html.part https://www.seek.com.au/fifo-jobs/in-All-Perth-WA
2025-12-29T17:42:12+0800	https://www.seek.com.au/fifo-jobs/in-All-Perth-WA	1	200	568054
2025-12-29T17:42:14+0800 INFO Next page discovered for https://www.seek.com.au/fifo-jobs/in-All-Perth-WA -> https://www.seek.com.au
DEBUG: After mkdir -p, SRC_DIR=var/src, ROOT=/home/galloa/GitHub/work/elvis, full path=/home/galloa/GitHub/work/elvis/var/src
drwxr-xr-x 1 FLITECH+galloa FLITECH+galloa 0 Dec 29 17:42 /home/galloa/GitHub/work/elvis/var/src
DEBUG: Final safe filename (md5): 80f36b2204e2f11316ab7a0048a1738f
DEBUG: Output path: var/src/80f36b2204e2f11316ab7a0048a1738f.html
INFO: Saving HTML to var/src/80f36b2204e2f11316ab7a0048a1738f.html (temporary var/src/80f36b2204e2f11316ab7a0048a1738f.html.part)
DEBUG: curl -o var/src/80f36b2204e2f11316ab7a0048a1738f.html.part https://www.seek.com.au
2025-12-29T17:42:22+0800	https://www.seek.com.au	1	200	287017
2025-12-29T17:42:24+0800 WARN Next page equals current (https://www.seek.com.au); stopping to avoid loop
2025-12-29T17:42:24+0800 INFO data_input.sh succeeded for https://www.seek.com.au/fifo-jobs/in-All-Perth-WA
2025-12-29T17:42:24+0800 INFO Sleeping 2.542s between seeds
2025-12-29T17:42:28+0800 INFO Updated srv/company_history.txt; patch written to /home/galloa/GitHub/work/elvis/var/spool/company_history-20251229T174227.patch
2025-12-29T17:42:28+0800 INFO calllist validation passed for home/calllist.txt
2025-12-29T17:42:29+0800 INFO Run completed; rows_aggregated=20
